c:\users\fujita\documents\openframeworks\of_v0.11.0_vs2017_release\apps\hobbies\garden_melt\obj\x64\release\ofxslider.obj
c:\users\fujita\documents\openframeworks\of_v0.11.0_vs2017_release\apps\hobbies\garden_melt\obj\x64\release\ofxbasegui.obj
c:\users\fujita\documents\openframeworks\of_v0.11.0_vs2017_release\apps\hobbies\garden_melt\obj\x64\release\main.obj
c:\users\fujita\documents\openframeworks\of_v0.11.0_vs2017_release\apps\hobbies\garden_melt\obj\x64\release\ofxlabel.obj
c:\users\fujita\documents\openframeworks\of_v0.11.0_vs2017_release\apps\hobbies\garden_melt\obj\x64\release\ofxcolorpicker.obj
c:\users\fujita\documents\openframeworks\of_v0.11.0_vs2017_release\apps\hobbies\garden_melt\obj\x64\release\ofapp.obj
c:\users\fujita\documents\openframeworks\of_v0.11.0_vs2017_release\apps\hobbies\garden_melt\obj\x64\release\ofxtoggle.obj
c:\users\fujita\documents\openframeworks\of_v0.11.0_vs2017_release\apps\hobbies\garden_melt\obj\x64\release\bug_leader.obj
c:\users\fujita\documents\openframeworks\of_v0.11.0_vs2017_release\apps\hobbies\garden_melt\obj\x64\release\rollscreen_melt.obj
c:\users\fujita\documents\openframeworks\of_v0.11.0_vs2017_release\apps\hobbies\garden_melt\obj\x64\release\ofxbutton.obj
c:\users\fujita\documents\openframeworks\of_v0.11.0_vs2017_release\apps\hobbies\garden_melt\obj\x64\release\ofxslidergroup.obj
c:\users\fujita\documents\openframeworks\of_v0.11.0_vs2017_release\apps\hobbies\garden_melt\obj\x64\release\bug.obj
c:\users\fujita\documents\openframeworks\of_v0.11.0_vs2017_release\apps\hobbies\garden_melt\obj\x64\release\ofxpanel.obj
c:\users\fujita\documents\openframeworks\of_v0.11.0_vs2017_release\apps\hobbies\garden_melt\obj\x64\release\pointsrenderer.obj
c:\users\fujita\documents\openframeworks\of_v0.11.0_vs2017_release\apps\hobbies\garden_melt\obj\x64\release\ofxguigroup.obj
c:\users\fujita\documents\openframeworks\of_v0.11.0_vs2017_release\apps\hobbies\garden_melt\obj\x64\release\flower.obj
c:\users\fujita\documents\openframeworks\of_v0.11.0_vs2017_release\apps\hobbies\garden_melt\obj\x64\release\ofxinputfield.obj
c:\users\fujita\documents\openframeworks\of_v0.11.0_vs2017_release\apps\hobbies\garden_melt\obj\x64\release\vc141.pdb
c:\users\fujita\documents\openframeworks\of_v0.11.0_vs2017_release\apps\hobbies\garden_melt\bin\garden_melt.lib
c:\users\fujita\documents\openframeworks\of_v0.11.0_vs2017_release\apps\hobbies\garden_melt\bin\garden_melt.exp
c:\users\fujita\documents\openframeworks\of_v0.11.0_vs2017_release\apps\hobbies\garden_melt\obj\x64\release\icon.res
c:\users\fujita\documents\openframeworks\of_v0.11.0_vs2017_release\apps\hobbies\garden_melt\obj\x64\release\garden_melt.tlog\cl.10980.write.1.tlog
c:\users\fujita\documents\openframeworks\of_v0.11.0_vs2017_release\apps\hobbies\garden_melt\obj\x64\release\garden_melt.tlog\cl.command.1.tlog
c:\users\fujita\documents\openframeworks\of_v0.11.0_vs2017_release\apps\hobbies\garden_melt\obj\x64\release\garden_melt.tlog\cl.read.1.tlog
c:\users\fujita\documents\openframeworks\of_v0.11.0_vs2017_release\apps\hobbies\garden_melt\obj\x64\release\garden_melt.tlog\garden_melt.write.1u.tlog
c:\users\fujita\documents\openframeworks\of_v0.11.0_vs2017_release\apps\hobbies\garden_melt\obj\x64\release\garden_melt.tlog\link.command.1.tlog
c:\users\fujita\documents\openframeworks\of_v0.11.0_vs2017_release\apps\hobbies\garden_melt\obj\x64\release\garden_melt.tlog\link.read.1.tlog
c:\users\fujita\documents\openframeworks\of_v0.11.0_vs2017_release\apps\hobbies\garden_melt\obj\x64\release\garden_melt.tlog\link.write.1.tlog
c:\users\fujita\documents\openframeworks\of_v0.11.0_vs2017_release\apps\hobbies\garden_melt\obj\x64\release\garden_melt.tlog\rc.command.1.tlog
c:\users\fujita\documents\openframeworks\of_v0.11.0_vs2017_release\apps\hobbies\garden_melt\obj\x64\release\garden_melt.tlog\rc.read.1.tlog
c:\users\fujita\documents\openframeworks\of_v0.11.0_vs2017_release\apps\hobbies\garden_melt\obj\x64\release\garden_melt.tlog\rc.write.1.tlog
